<?xml version="1.0" encoding="utf-8"?><testsuites name="pytest tests"><testsuite name="pytest" errors="2" failures="1" skipped="0" tests="19" time="215.483" timestamp="2026-04-30T10:43:12.336444+00:00" hostname="agent-env-3a013e4b-c104-42fa-8ce0-ea6053aacb6b"><testcase classname="backend.tests.test_ai_core.TestAICorePublic" name="test_tiers_catalog" time="0.226" /><testcase classname="backend.tests.test_ai_core.TestAICoreOwner" name="test_usage_me_owner" time="0.450" /><testcase classname="backend.tests.test_ai_core.TestAICoreOwner" name="test_chat_short_arabic_cheap_model" time="1.685" /><testcase classname="backend.tests.test_ai_core.TestAICoreOwner" name="test_chat_cache_hit" time="1.057" /><testcase classname="backend.tests.test_ai_core.TestAICoreOwner" name="test_chat_medium_arabic_standard_model" time="17.626" /><testcase classname="backend.tests.test_ai_core.TestAICoreOwner" name="test_chat_long_complex_premium_model" time="60.445"><failure message="AssertionError: Expected 200, got 502: The preview environment is not responding. It may be starting up.&#10;  &#10;assert 502 == 200&#10; +  where 502 = &lt;Response [502]&gt;.status_code">backend/tests/test_ai_core.py:211: in test_chat_long_complex_premium_model
    assert response.status_code == 200, f"Expected 200, got {response.status_code}: {response.text}"
E   AssertionError: Expected 200, got 502: The preview environment is not responding. It may be starting up.
E     
E   assert 502 == 200
E    +  where 502 = &lt;Response [502]&gt;.status_code</failure></testcase><testcase classname="backend.tests.test_ai_core.TestAICoreOwner" name="test_admin_stats" time="60.197"><error message="failed on setup with &quot;AssertionError: Owner login failed: The preview environment is not responding. It may be starting up.&#10;  &#10;assert 502 == 200&#10; +  where 502 = &lt;Response [502]&gt;.status_code&quot;">backend/tests/test_ai_core.py:76: in setup
    assert response.status_code == 200, f"Owner login failed: {response.text}"
E   AssertionError: Owner login failed: The preview environment is not responding. It may be starting up.
E     
E   assert 502 == 200
E    +  where 502 = &lt;Response [502]&gt;.status_code</error></testcase><testcase classname="backend.tests.test_ai_core.TestAICoreOwner" name="test_admin_cache_stats" time="60.195"><error message="failed on setup with &quot;AssertionError: Owner login failed: The preview environment is not responding. It may be starting up.&#10;  &#10;assert 502 == 200&#10; +  where 502 = &lt;Response [502]&gt;.status_code&quot;">backend/tests/test_ai_core.py:76: in setup
    assert response.status_code == 200, f"Owner login failed: {response.text}"
E   AssertionError: Owner login failed: The preview environment is not responding. It may be starting up.
E     
E   assert 502 == 200
E    +  where 502 = &lt;Response [502]&gt;.status_code</error></testcase><testcase classname="backend.tests.test_ai_core.TestAICoreOwner" name="test_admin_set_tier" time="2.201" /><testcase classname="backend.tests.test_ai_core.TestAICoreNonOwner" name="test_non_owner_admin_stats_403" time="0.458" /><testcase classname="backend.tests.test_ai_core.TestAICoreNonOwner" name="test_non_owner_set_tier_403" time="0.431" /><testcase classname="backend.tests.test_ai_core.TestAICoreNonOwner" name="test_non_owner_cache_stats_403" time="0.431" /><testcase classname="backend.tests.test_ai_core.TestAICoreNonOwner" name="test_non_owner_can_use_chat" time="0.455" /><testcase classname="backend.tests.test_ai_core.TestAICoreNonOwner" name="test_non_owner_can_view_usage" time="0.468" /><testcase classname="backend.tests.test_ai_core.TestAICoreUsageCap" name="test_usage_cap_enforcement" time="0.980" /><testcase classname="backend.tests.test_ai_core.TestRegressionExistingEndpoints" name="test_auth_me_still_works" time="0.447" /><testcase classname="backend.tests.test_ai_core.TestRegressionExistingEndpoints" name="test_avatar_chat_still_works" time="6.724" /><testcase classname="backend.tests.test_ai_core.TestRegressionExistingEndpoints" name="test_wizard_video_start_still_works" time="0.444" /><testcase classname="backend.tests.test_ai_core.TestRegressionExistingEndpoints" name="test_studio_credits_still_works" time="0.427" /></testsuite></testsuites>