<?xml version="1.0" encoding="utf-8"?><testsuites name="pytest tests"><testsuite name="pytest" errors="0" failures="0" skipped="0" tests="17" time="5.815" timestamp="2026-04-25T20:44:55.990390+00:00" hostname="agent-env-3a013e4b-c104-42fa-8ce0-ea6053aacb6b"><testcase classname="backend.tests.test_category_images_wizard.TestCategoriesAPI" name="test_list_categories_returns_25" time="0.259" /><testcase classname="backend.tests.test_category_images_wizard.TestCategoriesAPI" name="test_category_has_required_fields" time="0.132" /><testcase classname="backend.tests.test_category_images_wizard.TestLayoutsPerCategory" name="test_category_has_25_layouts[restaurant]" time="0.122" /><testcase classname="backend.tests.test_category_images_wizard.TestLayoutsPerCategory" name="test_category_has_25_layouts[plumbing]" time="0.124" /><testcase classname="backend.tests.test_category_images_wizard.TestLayoutsPerCategory" name="test_category_has_25_layouts[jewelry]" time="0.113" /><testcase classname="backend.tests.test_category_images_wizard.TestLayoutsPerCategory" name="test_category_has_25_layouts[cosmetics]" time="0.137" /><testcase classname="backend.tests.test_category_images_wizard.TestLayoutsPerCategory" name="test_category_has_25_layouts[automotive]" time="0.119" /><testcase classname="backend.tests.test_category_images_wizard.TestLayoutsPerCategory" name="test_category_has_25_layouts[realestate]" time="0.138" /><testcase classname="backend.tests.test_category_images_wizard.TestImageLibraryCorrectness" name="test_restaurant_layout_has_restaurant_images" time="0.115" /><testcase classname="backend.tests.test_category_images_wizard.TestImageLibraryCorrectness" name="test_plumbing_layout_has_plumbing_images" time="0.289" /><testcase classname="backend.tests.test_category_images_wizard.TestFullWizardFlowE2E" name="test_full_wizard_flow" time="1.057" /><testcase classname="backend.tests.test_category_images_wizard.TestRealestateVertical" name="test_realestate_project_seeds_listings" time="0.560" /><testcase classname="backend.tests.test_category_images_wizard.TestCosmeticsAutomotiveVerticals" name="test_cosmetics_project_has_correct_config" time="0.552" /><testcase classname="backend.tests.test_category_images_wizard.TestCosmeticsAutomotiveVerticals" name="test_automotive_project_has_correct_config" time="0.590" /><testcase classname="backend.tests.test_category_images_wizard.TestFinalPreviewBuild" name="test_build_complete_project_with_widgets" time="0.789" /><testcase classname="backend.tests.test_category_images_wizard.TestPalettesAPI" name="test_palettes_returns_10" time="0.140" /><testcase classname="backend.tests.test_category_images_wizard.TestWizardStepsAPI" name="test_wizard_steps_returns_metadata" time="0.479" /></testsuite></testsuites>