<?xml version="1.0" encoding="utf-8"?><testsuites name="pytest tests"><testsuite name="pytest" errors="0" failures="0" skipped="0" tests="16" time="30.989" timestamp="2026-03-21T17:28:07.747731+00:00" hostname="agent-env-b1b6305e-fe6a-4896-898c-6f6789a1951d"><testcase classname="backend.tests.test_chat_apis.TestChatAPIs" name="test_create_session_general" time="0.543" /><testcase classname="backend.tests.test_chat_apis.TestChatAPIs" name="test_create_session_image_type" time="0.396" /><testcase classname="backend.tests.test_chat_apis.TestChatAPIs" name="test_create_session_video_type" time="0.590" /><testcase classname="backend.tests.test_chat_apis.TestChatAPIs" name="test_create_session_website_type" time="0.407" /><testcase classname="backend.tests.test_chat_apis.TestChatAPIs" name="test_get_user_sessions" time="0.421" /><testcase classname="backend.tests.test_chat_apis.TestChatAPIs" name="test_get_specific_session" time="0.418" /><testcase classname="backend.tests.test_chat_apis.TestChatAPIs" name="test_get_nonexistent_session" time="0.390" /><testcase classname="backend.tests.test_chat_apis.TestChatAPIs" name="test_delete_session" time="0.507" /><testcase classname="backend.tests.test_chat_apis.TestChatAPIs" name="test_send_message_and_get_ai_response" time="1.459" /><testcase classname="backend.tests.test_chat_apis.TestChatAPIs" name="test_send_message_to_nonexistent_session" time="0.411" /><testcase classname="backend.tests.test_chat_apis.TestChatAPIs" name="test_session_title_updates_after_first_message" time="1.314" /><testcase classname="backend.tests.test_chat_apis.TestChatAPIs" name="test_get_available_voices" time="0.385" /><testcase classname="backend.tests.test_chat_apis.TestChatAPIs" name="test_get_session_assets" time="0.433" /><testcase classname="backend.tests.test_chat_apis.TestChatAPIs" name="test_unauthorized_access" time="0.417" /><testcase classname="backend.tests.test_chat_apis.TestChatAPIs" name="test_invalid_token" time="0.429" /><testcase classname="backend.tests.test_chat_apis.TestChatImageGeneration" name="test_image_generation_flow" time="22.383" /></testsuite></testsuites>