<?xml version="1.0" encoding="utf-8"?><testsuites name="pytest tests"><testsuite name="pytest" errors="0" failures="0" skipped="0" tests="27" time="16.151" timestamp="2026-04-22T11:10:32.925950+00:00" hostname="agent-env-3a013e4b-c104-42fa-8ce0-ea6053aacb6b"><testcase classname="backend.tests.test_zitex_comprehensive.TestPlatformOwnerAuth" name="test_owner_login_success" time="0.432" /><testcase classname="backend.tests.test_zitex_comprehensive.TestPlatformOwnerAuth" name="test_owner_login_invalid_credentials" time="0.142" /><testcase classname="backend.tests.test_zitex_comprehensive.TestAdminSitesList" name="test_list_projects_with_jwt" time="1.067" /><testcase classname="backend.tests.test_zitex_comprehensive.TestPublicSiteRendering" name="test_public_site_html" time="0.139" /><testcase classname="backend.tests.test_zitex_comprehensive.TestPublicSiteRendering" name="test_public_site_info" time="0.139" /><testcase classname="backend.tests.test_zitex_comprehensive.TestShareablePreview" name="test_share_link_html" time="0.108" /><testcase classname="backend.tests.test_zitex_comprehensive.TestClientDashboardAuth" name="test_client_login_success" time="0.333" /><testcase classname="backend.tests.test_zitex_comprehensive.TestClientDashboardAuth" name="test_client_login_wrong_password" time="0.329" /><testcase classname="backend.tests.test_zitex_comprehensive.TestClientDashboardData" name="test_client_orders" time="0.490" /><testcase classname="backend.tests.test_zitex_comprehensive.TestClientDashboardData" name="test_client_customers" time="0.479" /><testcase classname="backend.tests.test_zitex_comprehensive.TestClientDashboardData" name="test_client_drivers" time="0.444" /><testcase classname="backend.tests.test_zitex_comprehensive.TestClientDashboardData" name="test_client_support_tickets" time="0.457" /><testcase classname="backend.tests.test_zitex_comprehensive.TestClientDashboardData" name="test_client_analytics" time="0.492" /><testcase classname="backend.tests.test_zitex_comprehensive.TestSiteCustomerAuth" name="test_site_customer_login_existing" time="0.352" /><testcase classname="backend.tests.test_zitex_comprehensive.TestSiteCustomerAuth" name="test_site_customer_register_new" time="0.337" /><testcase classname="backend.tests.test_zitex_comprehensive.TestCartAndOrder" name="test_create_order_with_location" time="0.443" /><testcase classname="backend.tests.test_zitex_comprehensive.TestCartAndOrder" name="test_get_my_orders" time="0.449" /><testcase classname="backend.tests.test_zitex_comprehensive.TestDriverAuth" name="test_driver_login_success" time="0.333" /><testcase classname="backend.tests.test_zitex_comprehensive.TestDriverAuth" name="test_driver_login_wrong_credentials" time="0.108" /><testcase classname="backend.tests.test_zitex_comprehensive.TestDriverDashboard" name="test_driver_orders" time="0.446" /><testcase classname="backend.tests.test_zitex_comprehensive.TestAuthTokenIsolation" name="test_client_token_cannot_access_driver_endpoint" time="0.442" /><testcase classname="backend.tests.test_zitex_comprehensive.TestAuthTokenIsolation" name="test_driver_token_cannot_access_client_endpoint" time="0.488" /><testcase classname="backend.tests.test_zitex_comprehensive.TestCouponSystem" name="test_create_coupon" time="0.577" /><testcase classname="backend.tests.test_zitex_comprehensive.TestCouponSystem" name="test_list_coupons" time="0.460" /><testcase classname="backend.tests.test_zitex_comprehensive.TestLoyaltyPoints" name="test_get_my_points" time="0.448" /><testcase classname="backend.tests.test_zitex_comprehensive.TestPWAManifest" name="test_pwa_manifest" time="0.109" /><testcase classname="backend.tests.test_zitex_comprehensive.TestLogoGeneration" name="test_generate_logo_variants_endpoint_exists" time="6.017" /></testsuite></testsuites>