<?xml version="1.0" encoding="utf-8"?><testsuites name="pytest tests"><testsuite name="pytest" errors="0" failures="0" skipped="0" tests="22" time="23.427" timestamp="2026-04-30T11:16:41.480444+00:00" hostname="agent-env-3a013e4b-c104-42fa-8ce0-ea6053aacb6b"><testcase classname="backend.tests.test_companion.TestCompanionModule" name="test_01_get_profile_initial" time="0.569" /><testcase classname="backend.tests.test_companion.TestCompanionModule" name="test_02_create_profile" time="0.455" /><testcase classname="backend.tests.test_companion.TestCompanionModule" name="test_03_get_profile_after_create" time="0.448" /><testcase classname="backend.tests.test_companion.TestCompanionModule" name="test_04_partial_profile_update" time="0.419" /><testcase classname="backend.tests.test_companion.TestCompanionModule" name="test_05_chat_without_profile" time="0.338" /><testcase classname="backend.tests.test_companion.TestCompanionModule" name="test_06_chat_with_profile" time="3.730" /><testcase classname="backend.tests.test_companion.TestCompanionModule" name="test_07_chat_second_message" time="3.961" /><testcase classname="backend.tests.test_companion.TestCompanionModule" name="test_08_get_memory" time="0.431" /><testcase classname="backend.tests.test_companion.TestCompanionModule" name="test_09_clear_memory" time="0.620" /><testcase classname="backend.tests.test_companion.TestCompanionModule" name="test_10_create_reminder" time="0.483" /><testcase classname="backend.tests.test_companion.TestCompanionModule" name="test_11_list_reminders" time="0.435" /><testcase classname="backend.tests.test_companion.TestCompanionModule" name="test_12_pending_before_trigger" time="0.437" /><testcase classname="backend.tests.test_companion.TestCompanionModule" name="test_13_delete_reminder" time="0.720" /><testcase classname="backend.tests.test_companion.TestCompanionModule" name="test_14_trigger_proactive" time="0.441" /><testcase classname="backend.tests.test_companion.TestCompanionModule" name="test_15_pending_after_trigger" time="1.042" /><testcase classname="backend.tests.test_companion.TestCompanionModule" name="test_16_reminder_firing" time="0.775" /><testcase classname="backend.tests.test_companion.TestCompanionModule" name="test_17_regression_auth_me" time="0.443" /><testcase classname="backend.tests.test_companion.TestCompanionModule" name="test_18_regression_ai_core_tiers" time="0.449" /><testcase classname="backend.tests.test_companion.TestCompanionModule" name="test_19_regression_avatar_chat" time="4.988" /><testcase classname="backend.tests.test_companion.TestCompanionModule" name="test_20_regression_wizard_image_start" time="0.915" /><testcase classname="backend.tests.test_companion.TestCompanionModule" name="test_21_regression_wizard_video_start" time="0.455" /><testcase classname="backend.tests.test_companion.TestCompanionDailyReminder" name="test_daily_reminder_advances" time="0.784" /></testsuite></testsuites>