<?xml version="1.0" encoding="utf-8"?><testsuites name="pytest tests"><testsuite name="pytest" errors="0" failures="0" skipped="0" tests="19" time="18.630" timestamp="2026-04-28T12:15:18.021529+00:00" hostname="agent-env-3a013e4b-c104-42fa-8ce0-ea6053aacb6b"><testcase classname="backend.tests.test_chatbot_v2_devops_stocks.TestStorefrontChatbotConfig" name="test_chatbot_config_returns_enabled" time="0.175" /><testcase classname="backend.tests.test_chatbot_v2_devops_stocks.TestStorefrontChatbotChat" name="test_chatbot_responds_to_message" time="3.534" /><testcase classname="backend.tests.test_chatbot_v2_devops_stocks.TestStorefrontChatbotChat" name="test_chatbot_deep_knowledge_shipping" time="4.624" /><testcase classname="backend.tests.test_chatbot_v2_devops_stocks.TestStorefrontChatbotChat" name="test_chatbot_handoff_detection" time="6.082" /><testcase classname="backend.tests.test_chatbot_v2_devops_stocks.TestChatbotHandoff" name="test_handoff_creates_ticket" time="0.190" /><testcase classname="backend.tests.test_chatbot_v2_devops_stocks.TestChatbotHandoff" name="test_handoff_whatsapp_reply_link" time="0.185" /><testcase classname="backend.tests.test_chatbot_v2_devops_stocks.TestClientChatbotConfig" name="test_client_get_chatbot_config" time="0.499" /><testcase classname="backend.tests.test_chatbot_v2_devops_stocks.TestClientChatbotConfig" name="test_client_put_notify_whatsapp" time="0.123" /><testcase classname="backend.tests.test_chatbot_v2_devops_stocks.TestClientChatbotConfig" name="test_client_notify_whatsapp_roundtrip" time="0.226" /><testcase classname="backend.tests.test_chatbot_v2_devops_stocks.TestOwnerChatbotConfig" name="test_owner_get_chatbot_config" time="1.831" /><testcase classname="backend.tests.test_chatbot_v2_devops_stocks.TestOwnerChatbotConfig" name="test_owner_put_chatbot_config" time="0.110" /><testcase classname="backend.tests.test_chatbot_v2_devops_stocks.TestStocksMarketQuotes" name="test_market_quotes_returns_data" time="0.113" /><testcase classname="backend.tests.test_chatbot_v2_devops_stocks.TestStocksMarketQuotes" name="test_market_quotes_simulated_fallback" time="0.107" /><testcase classname="backend.tests.test_chatbot_v2_devops_stocks.TestStocksMarketQuotes" name="test_market_quotes_specific_symbols" time="0.110" /><testcase classname="backend.tests.test_chatbot_v2_devops_stocks.TestGamesModule" name="test_game_engine_js" time="0.136" /><testcase classname="backend.tests.test_chatbot_v2_devops_stocks.TestGamesModule" name="test_game_test_html" time="0.131" /><testcase classname="backend.tests.test_chatbot_v2_devops_stocks.TestDevOpsAgentAccess" name="test_operator_access" time="0.145" /><testcase classname="backend.tests.test_chatbot_v2_devops_stocks.TestDevOpsAgentAccess" name="test_operator_clients_list" time="0.117" /><testcase classname="backend.tests.test_chatbot_v2_devops_stocks.TestSupportTicketsWithHandoff" name="test_client_sees_chatbot_handoff_tickets" time="0.127" /></testsuite></testsuites>