<?xml version="1.0" encoding="utf-8"?><testsuites name="pytest tests"><testsuite name="pytest" errors="0" failures="0" skipped="0" tests="15" time="46.684" timestamp="2026-04-28T12:54:43.440117+00:00" hostname="agent-env-3a013e4b-c104-42fa-8ce0-ea6053aacb6b"><testcase classname="backend.tests.test_stories_banner_analytics.TestStoriesCRUD" name="test_create_story" time="0.679" /><testcase classname="backend.tests.test_stories_banner_analytics.TestStoriesCRUD" name="test_list_stories" time="0.192" /><testcase classname="backend.tests.test_stories_banner_analytics.TestStoriesCRUD" name="test_patch_story" time="0.183" /><testcase classname="backend.tests.test_stories_banner_analytics.TestStoriesCRUD" name="test_delete_story" time="0.331" /><testcase classname="backend.tests.test_stories_banner_analytics.TestPublicStories" name="test_public_stories_endpoint" time="0.192" /><testcase classname="backend.tests.test_stories_banner_analytics.TestPublicStories" name="test_hidden_stories_filtered" time="0.441" /><testcase classname="backend.tests.test_stories_banner_analytics.TestBannerCRUD" name="test_get_banner_defaults" time="0.125" /><testcase classname="backend.tests.test_stories_banner_analytics.TestBannerCRUD" name="test_update_banner" time="0.116" /><testcase classname="backend.tests.test_stories_banner_analytics.TestBannerCRUD" name="test_public_banner_reflects_changes" time="0.120" /><testcase classname="backend.tests.test_stories_banner_analytics.TestAIImageGeneration" name="test_generate_image" time="19.036" /><testcase classname="backend.tests.test_stories_banner_analytics.TestAIVideoGeneration" name="test_generate_video_job" time="2.231" /><testcase classname="backend.tests.test_stories_banner_analytics.TestChatbotAnalytics" name="test_send_chat_messages" time="22.015" /><testcase classname="backend.tests.test_stories_banner_analytics.TestChatbotAnalytics" name="test_get_analytics" time="0.225" /><testcase classname="backend.tests.test_stories_banner_analytics.TestClientLogin" name="test_client_login_success" time="0.367" /><testcase classname="backend.tests.test_stories_banner_analytics.TestClientLogin" name="test_client_login_wrong_password" time="0.344" /></testsuite></testsuites>