<?xml version="1.0" encoding="utf-8"?><testsuites name="pytest tests"><testsuite name="pytest" errors="0" failures="0" skipped="0" tests="25" time="14.433" timestamp="2026-04-26T19:57:44.475607+00:00" hostname="agent-env-3a013e4b-c104-42fa-8ce0-ea6053aacb6b"><testcase classname="backend.tests.test_iteration16_deep_features.TestAuthFlow" name="test_owner_login" time="0.441" /><testcase classname="backend.tests.test_iteration16_deep_features.TestAuthFlow" name="test_register_new_client" time="0.337" /><testcase classname="backend.tests.test_iteration16_deep_features.TestCategoriesAndLayouts" name="test_categories_returns_25" time="0.133" /><testcase classname="backend.tests.test_iteration16_deep_features.TestCategoriesAndLayouts" name="test_layouts_per_category_25[restaurant]" time="0.194" /><testcase classname="backend.tests.test_iteration16_deep_features.TestCategoriesAndLayouts" name="test_layouts_per_category_25[store]" time="0.171" /><testcase classname="backend.tests.test_iteration16_deep_features.TestCategoriesAndLayouts" name="test_layouts_per_category_25[plumbing]" time="0.115" /><testcase classname="backend.tests.test_iteration16_deep_features.TestCategoriesAndLayouts" name="test_layouts_per_category_25[cosmetics]" time="0.168" /><testcase classname="backend.tests.test_iteration16_deep_features.TestCategoriesAndLayouts" name="test_layouts_per_category_25[realestate]" time="0.173" /><testcase classname="backend.tests.test_iteration16_deep_features.TestWizardStepsPublic" name="test_wizard_steps_no_auth" time="0.107" /><testcase classname="backend.tests.test_iteration16_deep_features.TestWizardFlowAndStyleSteps" name="test_project_creation_with_sections" time="0.461" /><testcase classname="backend.tests.test_iteration16_deep_features.TestWizardFlowAndStyleSteps" name="test_wizard_advance_variant" time="0.111" /><testcase classname="backend.tests.test_iteration16_deep_features.TestWizardFlowAndStyleSteps" name="test_wizard_advance_buttons" time="0.121" /><testcase classname="backend.tests.test_iteration16_deep_features.TestWizardFlowAndStyleSteps" name="test_wizard_advance_colors" time="0.109" /><testcase classname="backend.tests.test_iteration16_deep_features.TestWizardFlowAndStyleSteps" name="test_wizard_advance_typography" time="0.266" /><testcase classname="backend.tests.test_iteration16_deep_features.TestExtrasAndDynamicStyleSteps" name="test_extras_with_widgets" time="2.078" /><testcase classname="backend.tests.test_iteration16_deep_features.TestExtrasAndDynamicStyleSteps" name="test_style_step_has_4_chips" time="0.276" /><testcase classname="backend.tests.test_iteration16_deep_features.TestWidgetStylesPersistence" name="test_style_whatsapp_persistence" time="1.929" /><testcase classname="backend.tests.test_iteration16_deep_features.TestApplyPalette" name="test_apply_palette_luxury" time="0.672" /><testcase classname="backend.tests.test_iteration16_deep_features.TestReorderSections" name="test_reorder_sections" time="0.780" /><testcase classname="backend.tests.test_iteration16_deep_features.TestWidgetAIDesign" name="test_widget_ai_design" time="3.226" /><testcase classname="backend.tests.test_iteration16_deep_features.TestBuildHTML" name="test_build_html" time="0.715" /><testcase classname="backend.tests.test_iteration16_deep_features.TestDemoModePublic" name="test_preview_html_raw_no_auth" time="0.242" /><testcase classname="backend.tests.test_iteration16_deep_features.TestRealestateListings" name="test_realestate_sample_listings" time="0.547" /><testcase classname="backend.tests.test_iteration16_deep_features.TestSnapshots" name="test_snapshots_created_on_wizard_answer" time="0.847" /><testcase classname="backend.tests.test_iteration16_deep_features.TestPalettesAPI" name="test_palettes_catalog" time="0.106" /></testsuite></testsuites>