<?xml version="1.0" encoding="utf-8"?><testsuites name="pytest tests"><testsuite name="pytest" errors="0" failures="0" skipped="0" tests="14" time="6.175" timestamp="2026-04-06T14:42:56.358241+00:00" hostname="agent-env-3a013e4b-c104-42fa-8ce0-ea6053aacb6b"><testcase classname="backend.tests.test_payment_credits.TestPaymentAPIs" name="test_create_order_requires_auth" time="0.251" /><testcase classname="backend.tests.test_payment_credits.TestPaymentAPIs" name="test_create_order_success_credits_package" time="0.408" /><testcase classname="backend.tests.test_payment_credits.TestPaymentAPIs" name="test_create_order_pro_package" time="0.394" /><testcase classname="backend.tests.test_payment_credits.TestPaymentAPIs" name="test_create_order_invalid_package" time="0.386" /><testcase classname="backend.tests.test_payment_credits.TestPaymentAPIs" name="test_create_order_subscription" time="0.411" /><testcase classname="backend.tests.test_payment_credits.TestPaymentAPIs" name="test_capture_order_requires_auth" time="0.130" /><testcase classname="backend.tests.test_payment_credits.TestPaymentAPIs" name="test_capture_order_not_found" time="0.388" /><testcase classname="backend.tests.test_payment_credits.TestPaymentAPIs" name="test_capture_order_success_adds_credits" time="1.035" /><testcase classname="backend.tests.test_payment_credits.TestPaymentAPIs" name="test_capture_order_first_purchase_bonus" time="0.974" /><testcase classname="backend.tests.test_payment_credits.TestPaymentAPIs" name="test_payment_history_requires_auth" time="0.118" /><testcase classname="backend.tests.test_payment_credits.TestPaymentAPIs" name="test_payment_history_returns_orders" time="0.651" /><testcase classname="backend.tests.test_payment_credits.TestCreditDeductionLogic" name="test_owner_no_credit_deduction" time="0.492" /><testcase classname="backend.tests.test_payment_credits.TestCreditDeductionLogic" name="test_service_costs_in_pricing" time="0.100" /><testcase classname="backend.tests.test_payment_credits.TestCreditDeductionLogic" name="test_user_balance_includes_service_costs" time="0.386" /></testsuite></testsuites>