<?xml version="1.0" encoding="utf-8"?><testsuites name="pytest tests"><testsuite name="pytest" errors="0" failures="0" skipped="0" tests="13" time="8.605" timestamp="2026-04-30T08:16:52.178766+00:00" hostname="agent-env-3a013e4b-c104-42fa-8ce0-ea6053aacb6b"><testcase classname="backend.tests.test_phase3_4_5_avatar.TestAvatarSaudiDialect" name="test_avatar_chat_saudi_dialect" time="5.001" /><testcase classname="backend.tests.test_phase3_4_5_avatar.TestAvatarPricing" name="test_avatar_pricing" time="0.120" /><testcase classname="backend.tests.test_phase3_4_5_avatar.TestAvatarTrialFlow" name="test_avatar_start_trial" time="0.558" /><testcase classname="backend.tests.test_phase3_4_5_avatar.TestAvatarTrialFlow" name="test_avatar_me" time="0.116" /><testcase classname="backend.tests.test_phase3_4_5_avatar.TestAvatarCustomize" name="test_avatar_customize_content_free" time="0.104" /><testcase classname="backend.tests.test_phase3_4_5_avatar.TestAvatarHideShow" name="test_avatar_hide" time="0.227" /><testcase classname="backend.tests.test_phase3_4_5_avatar.TestImageWizard" name="test_image_wizard_categories" time="0.131" /><testcase classname="backend.tests.test_phase3_4_5_avatar.TestImageWizard" name="test_image_wizard_start" time="0.110" /><testcase classname="backend.tests.test_phase3_4_5_avatar.TestImageWizard" name="test_image_wizard_full_flow" time="0.901" /><testcase classname="backend.tests.test_phase3_4_5_avatar.TestChannelBridge" name="test_bridge_projects" time="0.112" /><testcase classname="backend.tests.test_phase3_4_5_avatar.TestChannelBridge" name="test_bridge_history" time="0.111" /><testcase classname="backend.tests.test_phase3_4_5_avatar.TestRegressionExistingEndpoints" name="test_studio_gallery" time="0.937" /><testcase classname="backend.tests.test_phase3_4_5_avatar.TestRegressionExistingEndpoints" name="test_auth_me" time="0.126" /></testsuite></testsuites>