<?xml version="1.0" encoding="utf-8"?><testsuites name="pytest tests"><testsuite name="pytest" errors="0" failures="1" skipped="0" tests="26" time="34.866" timestamp="2026-04-23T21:55:04.975312+00:00" hostname="agent-env-3a013e4b-c104-42fa-8ce0-ea6053aacb6b"><testcase classname="tests.test_phase2_engines.TestGoldTicker" name="test_gold_prices_endpoint" time="16.993" /><testcase classname="tests.test_phase2_engines.TestGoldTicker" name="test_public_gold_prices" time="0.155" /><testcase classname="tests.test_phase2_engines.TestISBNSearch" name="test_isbn_search_valid" time="4.189" /><testcase classname="tests.test_phase2_engines.TestISBNSearch" name="test_isbn_search_invalid_short" time="0.161" /><testcase classname="tests.test_phase2_engines.TestISBNSearch" name="test_isbn_search_not_found" time="1.091"><failure message="assert True == False">tests/test_phase2_engines.py:148: in test_isbn_search_not_found
    assert data["found"] == False
E   assert True == False</failure></testcase><testcase classname="tests.test_phase2_engines.TestDriverAnalytics" name="test_driver_analytics_7_days" time="0.511" /><testcase classname="tests.test_phase2_engines.TestDriverAnalytics" name="test_driver_analytics_14_days" time="0.143" /><testcase classname="tests.test_phase2_engines.TestDriverAnalytics" name="test_driver_analytics_30_days" time="0.118" /><testcase classname="tests.test_phase2_engines.TestWizardVerticalInjection" name="test_salon_women_wizard_steps" time="8.845" /><testcase classname="tests.test_phase2_engines.TestWizardVerticalInjection" name="test_academy_wizard_steps" time="0.229" /><testcase classname="tests.test_phase2_engines.TestWizardVerticalInjection" name="test_gym_wizard_steps" time="0.243" /><testcase classname="tests.test_phase2_engines.TestWizardVerticalInjection" name="test_restaurant_no_vertical_steps" time="0.317" /><testcase classname="tests.test_phase2_engines.TestWizardVerticalInjection" name="test_vq_steps_spliced_after_variant" time="0.120" /><testcase classname="tests.test_phase2_engines.TestAutoSeedData" name="test_academy_auto_seeds_courses" time="0.000" /><testcase classname="tests.test_phase2_engines.TestAutoSeedData" name="test_gym_auto_seeds_membership_plans" time="0.000" /><testcase classname="tests.test_phase2_engines.TestCoursesEngine" name="test_courses_list" time="0.111" /><testcase classname="tests.test_phase2_engines.TestCoursesEngine" name="test_courses_create" time="0.134" /><testcase classname="tests.test_phase2_engines.TestCoursesEngine" name="test_enrollments_list" time="0.117" /><testcase classname="tests.test_phase2_engines.TestMembershipsEngine" name="test_membership_plans_list" time="0.131" /><testcase classname="tests.test_phase2_engines.TestMembershipsEngine" name="test_membership_plan_create" time="0.111" /><testcase classname="tests.test_phase2_engines.TestMembershipsEngine" name="test_subscriptions_list" time="0.110" /><testcase classname="tests.test_phase2_engines.TestEventsEngine" name="test_events_list" time="0.128" /><testcase classname="tests.test_phase2_engines.TestEventsEngine" name="test_event_create" time="0.118" /><testcase classname="tests.test_phase2_engines.TestEventsEngine" name="test_tickets_list" time="0.111" /><testcase classname="tests.test_phase2_engines.TestPublicEndpoints" name="test_public_courses" time="0.112" /><testcase classname="tests.test_phase2_engines.TestPublicEndpoints" name="test_public_events" time="0.448" /></testsuite></testsuites>