<?xml version="1.0" encoding="utf-8"?><testsuites name="pytest tests"><testsuite name="pytest" errors="0" failures="0" skipped="0" tests="17" time="4.289" timestamp="2026-04-06T14:18:17.454132+00:00" hostname="agent-env-3a013e4b-c104-42fa-8ce0-ea6053aacb6b"><testcase classname="backend.tests.test_pricing_referral.TestPricingAPI" name="test_pricing_returns_200" time="0.211" /><testcase classname="backend.tests.test_pricing_referral.TestPricingAPI" name="test_pricing_has_credits_packages" time="0.134" /><testcase classname="backend.tests.test_pricing_referral.TestPricingAPI" name="test_pricing_has_subscriptions" time="0.113" /><testcase classname="backend.tests.test_pricing_referral.TestPricingAPI" name="test_pricing_has_service_costs" time="0.112" /><testcase classname="backend.tests.test_pricing_referral.TestPricingAPI" name="test_pricing_has_referral_rewards" time="0.101" /><testcase classname="backend.tests.test_pricing_referral.TestUserBalanceAPI" name="test_balance_requires_auth" time="0.098" /><testcase classname="backend.tests.test_pricing_referral.TestUserBalanceAPI" name="test_balance_returns_correct_fields" time="0.497" /><testcase classname="backend.tests.test_pricing_referral.TestReferralInfoAPI" name="test_referral_info_requires_auth" time="0.108" /><testcase classname="backend.tests.test_pricing_referral.TestReferralInfoAPI" name="test_referral_info_returns_correct_fields" time="0.448" /><testcase classname="backend.tests.test_pricing_referral.TestRegistrationWithReferral" name="test_registration_without_referral_gives_20_points" time="0.328" /><testcase classname="backend.tests.test_pricing_referral.TestRegistrationWithReferral" name="test_registration_with_referral_gives_40_points" time="0.842" /><testcase classname="backend.tests.test_pricing_referral.TestRegistrationWithReferral" name="test_registration_with_invalid_referral_still_works" time="0.333" /><testcase classname="backend.tests.test_pricing_referral.TestPricingCalculate" name="test_calculate_image_cost" time="0.108" /><testcase classname="backend.tests.test_pricing_referral.TestPricingCalculate" name="test_calculate_video_cost" time="0.122" /><testcase classname="backend.tests.test_pricing_referral.TestPricingCalculate" name="test_calculate_invalid_service" time="0.110" /><testcase classname="backend.tests.test_pricing_referral.TestReferralApply" name="test_apply_referral_requires_auth" time="0.118" /><testcase classname="backend.tests.test_pricing_referral.TestReferralApply" name="test_apply_invalid_referral_code" time="0.430" /></testsuite></testsuites>