<?xml version="1.0" encoding="utf-8"?><testsuites name="pytest tests"><testsuite name="pytest" errors="0" failures="0" skipped="0" tests="25" time="6.336" timestamp="2026-04-23T19:52:09.515407+00:00" hostname="agent-env-3a013e4b-c104-42fa-8ce0-ea6053aacb6b"><testcase classname="backend.tests.test_new_verticals.TestCategoriesAPI" name="test_categories_count" time="0.235" /><testcase classname="backend.tests.test_new_verticals.TestCategoriesAPI" name="test_categories_have_images" time="0.140" /><testcase classname="backend.tests.test_new_verticals.TestCategoriesAPI" name="test_categories_have_layouts_count" time="0.153" /><testcase classname="backend.tests.test_new_verticals.TestCategoriesAPI" name="test_new_categories_present" time="0.255" /><testcase classname="backend.tests.test_new_verticals.TestVerticalsAPI" name="test_verticals_count" time="0.148" /><testcase classname="backend.tests.test_new_verticals.TestVerticalsAPI" name="test_new_verticals_present" time="0.114" /><testcase classname="backend.tests.test_new_verticals.TestVerticalsAPI" name="test_new_verticals_have_arabic_names" time="0.145" /><testcase classname="backend.tests.test_new_verticals.TestCategoryLayouts" name="test_new_category_layouts[salon_women]" time="0.132" /><testcase classname="backend.tests.test_new_verticals.TestCategoryLayouts" name="test_new_category_layouts[bakery]" time="0.125" /><testcase classname="backend.tests.test_new_verticals.TestCategoryLayouts" name="test_new_category_layouts[car_wash]" time="0.121" /><testcase classname="backend.tests.test_new_verticals.TestCategoryLayouts" name="test_new_category_layouts[sports_club]" time="0.108" /><testcase classname="backend.tests.test_new_verticals.TestCategoryLayouts" name="test_new_category_layouts[library]" time="0.127" /><testcase classname="backend.tests.test_new_verticals.TestCategoryLayouts" name="test_new_category_layouts[art_gallery]" time="0.137" /><testcase classname="backend.tests.test_new_verticals.TestCategoryLayouts" name="test_new_category_layouts[maintenance]" time="0.126" /><testcase classname="backend.tests.test_new_verticals.TestCategoryLayouts" name="test_new_category_layouts[jewelry]" time="0.123" /><testcase classname="backend.tests.test_new_verticals.TestProjectCreationWithSampleData" name="test_bakery_seeds_products" time="0.473" /><testcase classname="backend.tests.test_new_verticals.TestProjectCreationWithSampleData" name="test_jewelry_seeds_products" time="0.458" /><testcase classname="backend.tests.test_new_verticals.TestProjectCreationWithSampleData" name="test_library_seeds_products" time="0.467" /><testcase classname="backend.tests.test_new_verticals.TestProjectCreationWithSampleData" name="test_art_gallery_seeds_products" time="0.465" /><testcase classname="backend.tests.test_new_verticals.TestProjectCreationWithSampleData" name="test_salon_women_seeds_services" time="0.474" /><testcase classname="backend.tests.test_new_verticals.TestProjectCreationWithSampleData" name="test_car_wash_seeds_services" time="0.468" /><testcase classname="backend.tests.test_new_verticals.TestProjectCreationWithSampleData" name="test_sports_club_seeds_services" time="0.485" /><testcase classname="backend.tests.test_new_verticals.TestProjectCreationWithSampleData" name="test_maintenance_seeds_services" time="0.490" /><testcase classname="backend.tests.test_new_verticals.TestRegressionExistingVerticals" name="test_cozy_cafe_demo_exists" time="0.117" /><testcase classname="backend.tests.test_new_verticals.TestRegressionExistingVerticals" name="test_section_variants_catalog" time="0.124" /></testsuite></testsuites>