<?xml version="1.0" encoding="utf-8"?><testsuites name="pytest tests"><testsuite name="pytest" errors="0" failures="2" skipped="0" tests="22" time="22.461" timestamp="2026-03-18T19:46:23.223027+00:00" hostname="agent-env-b1b6305e-fe6a-4896-898c-6f6789a1951d"><testcase classname="backend.tests.test_zitex_apis.TestHealthChecks" name="test_api_accessible" time="0.440" /><testcase classname="backend.tests.test_zitex_apis.TestHealthChecks" name="test_pricing_endpoint" time="0.080" /><testcase classname="backend.tests.test_zitex_apis.TestVoicesAPI" name="test_get_voices_requires_auth" time="0.074" /><testcase classname="backend.tests.test_zitex_apis.TestVoicesAPI" name="test_get_voices_with_auth" time="0.504" /><testcase classname="backend.tests.test_zitex_apis.TestTTSAPI" name="test_tts_requires_auth" time="0.076" /><testcase classname="backend.tests.test_zitex_apis.TestTTSAPI" name="test_tts_generate" time="0.433"><failure message="AssertionError: TTS failed: 500 - {&quot;detail&quot;:&quot;Error generating TTS: headers: {'date': 'Wed, 18 Mar 2026 19:46:23 GMT', 'server': 'uvicorn', 'content-length': '476', 'content-type': 'application/json', 'access-control-allow-origin': '*', 'access-control-allow-headers': '*', 'access-control-allow-methods': 'POST, PATCH, OPTIONS, DELETE, GET, PUT', 'access-control-max-age': '600', 'strict-transport-security': 'max-age=1800;', 'x-trace-id': '9927c25971924ac765561ccd2e4c4bcd', 'x-region': 'us-central1', 'via': '1.1 google', 'alt-svc': 'h3=\&quot;:443\&quot;; ma=2592000,h3-29=\&quot;:443\&quot;; ma=2592000'}, status_code: 401, body: {'detail': {'status': 'detected_unusual_activity', 'message': 'Unusual activity detected. Free Tier usage disabled. If you are using a proxy/VPN you might need to purchase a Paid Plan to not trigger our abuse detectors. Free Tier only works if users do not abuse it, for example by creating multiple free accounts. If we notice that many people try to abuse it, we will need to reconsider Free Tier altogether. \\nPlease play fair and purchase any Paid Subscription to continue.'}}&quot;}&#10;assert 500 == 200&#10; +  where 500 = &lt;Response [500]&gt;.status_code">backend/tests/test_zitex_apis.py:202: in test_tts_generate
    assert response.status_code == 200, f"TTS failed: {response.status_code} - {response.text}"
E   AssertionError: TTS failed: 500 - {"detail":"Error generating TTS: headers: {'date': 'Wed, 18 Mar 2026 19:46:23 GMT', 'server': 'uvicorn', 'content-length': '476', 'content-type': 'application/json', 'access-control-allow-origin': '*', 'access-control-allow-headers': '*', 'access-control-allow-methods': 'POST, PATCH, OPTIONS, DELETE, GET, PUT', 'access-control-max-age': '600', 'strict-transport-security': 'max-age=1800;', 'x-trace-id': '9927c25971924ac765561ccd2e4c4bcd', 'x-region': 'us-central1', 'via': '1.1 google', 'alt-svc': 'h3=\":443\"; ma=2592000,h3-29=\":443\"; ma=2592000'}, status_code: 401, body: {'detail': {'status': 'detected_unusual_activity', 'message': 'Unusual activity detected. Free Tier usage disabled. If you are using a proxy/VPN you might need to purchase a Paid Plan to not trigger our abuse detectors. Free Tier only works if users do not abuse it, for example by creating multiple free accounts. If we notice that many people try to abuse it, we will need to reconsider Free Tier altogether. \\nPlease play fair and purchase any Paid Subscription to continue.'}}"}
E   assert 500 == 200
E    +  where 500 = &lt;Response [500]&gt;.status_code</failure></testcase><testcase classname="backend.tests.test_zitex_apis.TestImageEditAPI" name="test_image_edit_requires_auth" time="0.065" /><testcase classname="backend.tests.test_zitex_apis.TestImageEditAPI" name="test_image_edit_with_text" time="0.157" /><testcase classname="backend.tests.test_zitex_apis.TestAdminActivityAPI" name="test_activity_requires_admin" time="0.367" /><testcase classname="backend.tests.test_zitex_apis.TestAdminActivityAPI" name="test_get_all_activity" time="0.064" /><testcase classname="backend.tests.test_zitex_apis.TestAdminActivityAPI" name="test_get_user_activity" time="0.064" /><testcase classname="backend.tests.test_zitex_apis.TestAdminUsersAPI" name="test_get_all_users" time="0.067" /><testcase classname="backend.tests.test_zitex_apis.TestAdminUsersAPI" name="test_user_role_management" time="0.088"><failure message="AssertionError: Failed to update role: 403&#10;assert 403 == 200&#10; +  where 403 = &lt;Response [403]&gt;.status_code">backend/tests/test_zitex_apis.py:351: in test_user_role_management
    assert response.status_code == 200, f"Failed to update role: {response.status_code}"
E   AssertionError: Failed to update role: 403
E   assert 403 == 200
E    +  where 403 = &lt;Response [403]&gt;.status_code</failure></testcase><testcase classname="backend.tests.test_zitex_apis.TestAdminUsersAPI" name="test_add_credits_to_user" time="0.065" /><testcase classname="backend.tests.test_zitex_apis.TestAdminUsersAPI" name="test_add_free_trials" time="0.078" /><testcase classname="backend.tests.test_zitex_apis.TestAdminUsersAPI" name="test_user_deactivate_activate" time="0.145" /><testcase classname="backend.tests.test_zitex_apis.TestAdminStats" name="test_get_admin_stats" time="0.068" /><testcase classname="backend.tests.test_zitex_apis.TestImageGeneration" name="test_generate_image" time="18.778" /><testcase classname="backend.tests.test_zitex_apis.TestImageGeneration" name="test_get_image_history" time="0.152" /><testcase classname="backend.tests.test_zitex_apis.TestVideoGeneration" name="test_generate_video_with_voice" time="0.307" /><testcase classname="backend.tests.test_zitex_apis.TestVideoGeneration" name="test_get_video_history" time="0.084" /><testcase classname="backend.tests.test_zitex_apis.TestLogout" name="test_token_cleared_on_logout" time="0.074" /></testsuite></testsuites>