<?xml version="1.0" encoding="utf-8"?><testsuites name="pytest tests"><testsuite name="pytest" errors="0" failures="0" skipped="0" tests="17" time="18.232" timestamp="2026-04-23T19:20:57.512412+00:00" hostname="agent-env-3a013e4b-c104-42fa-8ce0-ea6053aacb6b"><testcase classname="backend.tests.test_section_variants_snapshots.TestSectionVariantsCatalog" name="test_catalog_returns_all_section_types" time="0.264" /><testcase classname="backend.tests.test_section_variants_snapshots.TestSectionVariantsCatalog" name="test_menu_variants_structure" time="0.120" /><testcase classname="backend.tests.test_section_variants_snapshots.TestSectionVariantsCatalog" name="test_gallery_variants_structure" time="0.115" /><testcase classname="backend.tests.test_section_variants_snapshots.TestClientSectionStylePatch" name="test_patch_section_style" time="0.761" /><testcase classname="backend.tests.test_section_variants_snapshots.TestClientSectionStylePatch" name="test_public_html_reflects_style" time="0.125" /><testcase classname="backend.tests.test_section_variants_snapshots.TestClientSnapshots" name="test_list_snapshots" time="0.144" /><testcase classname="backend.tests.test_section_variants_snapshots.TestClientSnapshots" name="test_create_manual_snapshot" time="0.274" /><testcase classname="backend.tests.test_section_variants_snapshots.TestClientSnapshots" name="test_snapshot_preview_html" time="0.248" /><testcase classname="backend.tests.test_section_variants_snapshots.TestClientSnapshots" name="test_restore_snapshot" time="0.363" /><testcase classname="backend.tests.test_section_variants_snapshots.TestClientSnapshots" name="test_delete_snapshot" time="0.480" /><testcase classname="backend.tests.test_section_variants_snapshots.TestOwnerSnapshots" name="test_owner_list_snapshots" time="1.217" /><testcase classname="backend.tests.test_section_variants_snapshots.TestOwnerSnapshots" name="test_owner_create_snapshot" time="0.856" /><testcase classname="backend.tests.test_section_variants_snapshots.TestOwnerSnapshots" name="test_owner_snapshot_preview" time="1.023" /><testcase classname="backend.tests.test_section_variants_snapshots.TestOwnerSnapshots" name="test_owner_restore_snapshot" time="1.055" /><testcase classname="backend.tests.test_section_variants_snapshots.TestAISnapshotIntent" name="test_snapshot_intent_detection" time="3.000" /><testcase classname="backend.tests.test_section_variants_snapshots.TestAISnapshotIntent" name="test_snapshot_intent_arabic_variations" time="7.579" /><testcase classname="backend.tests.test_section_variants_snapshots.TestAutoSnapshotTriggers" name="test_section_patch_creates_snapshot" time="0.511" /></testsuite></testsuites>