<?xml version="1.0" encoding="utf-8"?><testsuites name="pytest tests"><testsuite name="pytest" errors="0" failures="0" skipped="0" tests="19" time="7.659" timestamp="2026-04-27T16:39:21.726691+00:00" hostname="agent-env-3a013e4b-c104-42fa-8ce0-ea6053aacb6b"><testcase classname="backend.tests.test_shipping_features_v2.TestCODMarkupConfig" name="test_put_config_accepts_cod_markup_fields" time="1.056" /><testcase classname="backend.tests.test_shipping_features_v2.TestCODMarkupOrderCreation" name="test_cod_markup_applies_when_payment_cod_and_enabled" time="0.804" /><testcase classname="backend.tests.test_shipping_features_v2.TestCODMarkupOrderCreation" name="test_cod_markup_does_not_apply_when_payment_stripe" time="0.414" /><testcase classname="backend.tests.test_shipping_features_v2.TestCODMarkupOrderCreation" name="test_order_saved_with_cod_markup_applied_field" time="0.526" /><testcase classname="backend.tests.test_shipping_features_v2.TestInsuranceConfig" name="test_put_config_accepts_insurance_fields" time="0.390" /><testcase classname="backend.tests.test_shipping_features_v2.TestInsurancePublicQuote" name="test_public_quote_returns_insurance_fields" time="0.384" /><testcase classname="backend.tests.test_shipping_features_v2.TestInsuranceOrderCreation" name="test_insurance_opted_true_computes_fee" time="0.529" /><testcase classname="backend.tests.test_shipping_features_v2.TestInsuranceOrderCreation" name="test_insurance_opted_false_fee_is_zero" time="0.489" /><testcase classname="backend.tests.test_shipping_features_v2.TestInsuranceOrderCreation" name="test_insurance_disabled_ignores_opted_true" time="0.375" /><testcase classname="backend.tests.test_shipping_features_v2.TestTrackingNumber" name="test_patch_order_sets_tracking_number" time="0.760" /><testcase classname="backend.tests.test_shipping_features_v2.TestTrackingURL" name="test_orders_my_returns_tracking_url" time="0.413" /><testcase classname="backend.tests.test_shipping_features_v2.TestTrackingURL" name="test_tracking_url_empty_when_no_tracking_number" time="0.239" /><testcase classname="backend.tests.test_shipping_features_v2.TestTrackingURL" name="test_tracking_url_empty_when_provider_not_in_catalog" time="0.269" /><testcase classname="backend.tests.test_shipping_features_v2.TestBackwardsCompatibility" name="test_legacy_order_without_shipping_provider" time="0.129" /><testcase classname="backend.tests.test_shipping_features_v2.TestBackwardsCompatibility" name="test_order_without_insurance_opted_field" time="0.152" /><testcase classname="backend.tests.test_shipping_features_v2.TestRegressionShippingProviders" name="test_get_shipping_providers_returns_6" time="0.252" /><testcase classname="backend.tests.test_shipping_features_v2.TestRegressionPublicQuote" name="test_quote_riyadh_returns_options" time="0.132" /><testcase classname="backend.tests.test_shipping_features_v2.TestRegressionPublicQuote" name="test_free_shipping_above_threshold" time="0.135" /><testcase classname="backend.tests.test_shipping_features_v2.TestRegressionDashboardConfig" name="test_get_shipping_config" time="0.115" /></testsuite></testsuites>