<?xml version="1.0" encoding="utf-8"?><testsuites name="pytest tests"><testsuite name="pytest" errors="0" failures="0" skipped="0" tests="13" time="5.258" timestamp="2026-04-27T15:56:38.817194+00:00" hostname="agent-env-3a013e4b-c104-42fa-8ce0-ea6053aacb6b"><testcase classname="backend.tests.test_shipping_system.TestShippingProviders" name="test_get_shipping_providers_returns_6" time="0.142" /><testcase classname="backend.tests.test_shipping_system.TestPublicShippingQuote" name="test_quote_riyadh_sa_returns_ranked_options" time="0.156" /><testcase classname="backend.tests.test_shipping_system.TestPublicShippingQuote" name="test_quote_same_city_returns_local_delivery_recommended" time="0.126" /><testcase classname="backend.tests.test_shipping_system.TestPublicShippingQuote" name="test_free_shipping_above_threshold" time="0.251" /><testcase classname="backend.tests.test_shipping_system.TestPublicShippingQuote" name="test_international_shipping_us_returns_intl_providers" time="0.141" /><testcase classname="backend.tests.test_shipping_system.TestOrderCreationWithShipping" name="test_order_with_shipping_provider_requotes_server_side" time="0.626" /><testcase classname="backend.tests.test_shipping_system.TestOrderCreationWithShipping" name="test_order_saved_with_shipping_metadata" time="0.252" /><testcase classname="backend.tests.test_shipping_system.TestDashboardShippingConfig" name="test_get_shipping_config" time="1.895" /><testcase classname="backend.tests.test_shipping_system.TestDashboardShippingConfig" name="test_put_shipping_config" time="0.360" /><testcase classname="backend.tests.test_shipping_system.TestLegacyDeliveryFlow" name="test_order_without_shipping_provider_uses_legacy_delivery" time="0.464" /><testcase classname="backend.tests.test_shipping_system.TestShippingQuoteEdgeCases" name="test_quote_without_city_uses_ip_detection" time="0.323" /><testcase classname="backend.tests.test_shipping_system.TestShippingQuoteEdgeCases" name="test_quote_with_heavy_weight" time="0.283" /><testcase classname="backend.tests.test_shipping_system.TestShippingQuoteEdgeCases" name="test_quote_invalid_slug_returns_404" time="0.155" /></testsuite></testsuites>