<?xml version="1.0" encoding="utf-8"?><testsuites name="pytest tests"><testsuite name="pytest" errors="0" failures="0" skipped="0" tests="54" time="10.710" timestamp="2026-04-23T21:32:57.951439+00:00" hostname="agent-env-3a013e4b-c104-42fa-8ce0-ea6053aacb6b"><testcase classname="backend.tests.test_template_archetypes.TestLayoutsEndpoint" name="test_exactly_20_layouts_per_category[restaurant]" time="0.169" /><testcase classname="backend.tests.test_template_archetypes.TestLayoutsEndpoint" name="test_exactly_20_layouts_per_category[jewelry]" time="0.116" /><testcase classname="backend.tests.test_template_archetypes.TestLayoutsEndpoint" name="test_exactly_20_layouts_per_category[bakery]" time="0.123" /><testcase classname="backend.tests.test_template_archetypes.TestLayoutsEndpoint" name="test_exactly_20_layouts_per_category[car_wash]" time="0.136" /><testcase classname="backend.tests.test_template_archetypes.TestLayoutsEndpoint" name="test_exactly_20_layouts_per_category[salon_women]" time="0.111" /><testcase classname="backend.tests.test_template_archetypes.TestLayoutsEndpoint" name="test_exactly_20_layouts_per_category[barber]" time="0.109" /><testcase classname="backend.tests.test_template_archetypes.TestLayoutsEndpoint" name="test_exactly_20_layouts_per_category[library]" time="0.115" /><testcase classname="backend.tests.test_template_archetypes.TestLayoutsEndpoint" name="test_exactly_20_layouts_per_category[art_gallery]" time="0.119" /><testcase classname="backend.tests.test_template_archetypes.TestLayoutsEndpoint" name="test_exactly_20_layouts_per_category[clinic]" time="0.131" /><testcase classname="backend.tests.test_template_archetypes.TestLayoutsEndpoint" name="test_exactly_20_layouts_per_category[stocks]" time="0.124" /><testcase classname="backend.tests.test_template_archetypes.TestLayoutsEndpoint" name="test_layout_id_format[restaurant]" time="0.124" /><testcase classname="backend.tests.test_template_archetypes.TestLayoutsEndpoint" name="test_layout_id_format[jewelry]" time="0.127" /><testcase classname="backend.tests.test_template_archetypes.TestLayoutsEndpoint" name="test_layout_id_format[bakery]" time="0.114" /><testcase classname="backend.tests.test_template_archetypes.TestLayoutsEndpoint" name="test_layout_id_format[car_wash]" time="0.111" /><testcase classname="backend.tests.test_template_archetypes.TestLayoutsEndpoint" name="test_layout_id_format[salon_women]" time="0.105" /><testcase classname="backend.tests.test_template_archetypes.TestLayoutsEndpoint" name="test_layout_id_format[barber]" time="0.141" /><testcase classname="backend.tests.test_template_archetypes.TestLayoutsEndpoint" name="test_layout_id_format[library]" time="0.147" /><testcase classname="backend.tests.test_template_archetypes.TestLayoutsEndpoint" name="test_layout_id_format[art_gallery]" time="0.113" /><testcase classname="backend.tests.test_template_archetypes.TestLayoutsEndpoint" name="test_layout_id_format[clinic]" time="0.121" /><testcase classname="backend.tests.test_template_archetypes.TestLayoutsEndpoint" name="test_layout_id_format[stocks]" time="0.120" /><testcase classname="backend.tests.test_template_archetypes.TestLayoutsEndpoint" name="test_layout_has_required_fields[restaurant]" time="0.135" /><testcase classname="backend.tests.test_template_archetypes.TestLayoutsEndpoint" name="test_layout_has_required_fields[jewelry]" time="0.140" /><testcase classname="backend.tests.test_template_archetypes.TestLayoutsEndpoint" name="test_layout_has_required_fields[bakery]" time="0.110" /><testcase classname="backend.tests.test_template_archetypes.TestLayoutsEndpoint" name="test_layout_has_required_fields[car_wash]" time="0.109" /><testcase classname="backend.tests.test_template_archetypes.TestLayoutsEndpoint" name="test_layout_has_required_fields[salon_women]" time="0.104" /><testcase classname="backend.tests.test_template_archetypes.TestLayoutsEndpoint" name="test_layout_has_required_fields[barber]" time="0.112" /><testcase classname="backend.tests.test_template_archetypes.TestLayoutsEndpoint" name="test_layout_has_required_fields[library]" time="0.143" /><testcase classname="backend.tests.test_template_archetypes.TestLayoutsEndpoint" name="test_layout_has_required_fields[art_gallery]" time="0.130" /><testcase classname="backend.tests.test_template_archetypes.TestLayoutsEndpoint" name="test_layout_has_required_fields[clinic]" time="0.125" /><testcase classname="backend.tests.test_template_archetypes.TestLayoutsEndpoint" name="test_layout_has_required_fields[stocks]" time="0.112" /><testcase classname="backend.tests.test_template_archetypes.TestLayoutsEndpoint" name="test_neutral_theme_gold_primary[restaurant]" time="0.133" /><testcase classname="backend.tests.test_template_archetypes.TestLayoutsEndpoint" name="test_neutral_theme_gold_primary[jewelry]" time="0.106" /><testcase classname="backend.tests.test_template_archetypes.TestLayoutsEndpoint" name="test_neutral_theme_gold_primary[bakery]" time="0.116" /><testcase classname="backend.tests.test_template_archetypes.TestLayoutsEndpoint" name="test_neutral_theme_gold_primary[car_wash]" time="0.122" /><testcase classname="backend.tests.test_template_archetypes.TestLayoutsEndpoint" name="test_neutral_theme_gold_primary[salon_women]" time="0.118" /><testcase classname="backend.tests.test_template_archetypes.TestLayoutsEndpoint" name="test_neutral_theme_gold_primary[barber]" time="0.112" /><testcase classname="backend.tests.test_template_archetypes.TestLayoutsEndpoint" name="test_neutral_theme_gold_primary[library]" time="0.126" /><testcase classname="backend.tests.test_template_archetypes.TestLayoutsEndpoint" name="test_neutral_theme_gold_primary[art_gallery]" time="0.114" /><testcase classname="backend.tests.test_template_archetypes.TestLayoutsEndpoint" name="test_neutral_theme_gold_primary[clinic]" time="0.107" /><testcase classname="backend.tests.test_template_archetypes.TestLayoutsEndpoint" name="test_neutral_theme_gold_primary[stocks]" time="0.112" /><testcase classname="backend.tests.test_template_archetypes.TestPreviewHtml" name="test_preview_html_returns_valid_html" time="0.133" /><testcase classname="backend.tests.test_template_archetypes.TestPreviewHtml" name="test_different_archetypes_produce_different_html_sizes" time="0.392" /><testcase classname="backend.tests.test_template_archetypes.TestPalettesEndpoint" name="test_palettes_count" time="0.106" /><testcase classname="backend.tests.test_template_archetypes.TestPalettesEndpoint" name="test_palettes_have_required_fields" time="0.141" /><testcase classname="backend.tests.test_template_archetypes.TestPalettesEndpoint" name="test_playful_palette_is_pink" time="0.121" /><testcase classname="backend.tests.test_template_archetypes.TestApplyPalette" name="test_apply_palette_changes_theme" time="0.660" /><testcase classname="backend.tests.test_template_archetypes.TestProjectCreationWithLayoutId" name="test_same_archetype_different_content[restaurant-menu]" time="0.217" /><testcase classname="backend.tests.test_template_archetypes.TestProjectCreationWithLayoutId" name="test_same_archetype_different_content[jewelry-products]" time="0.207" /><testcase classname="backend.tests.test_template_archetypes.TestProjectCreationWithLayoutId" name="test_same_archetype_different_content[salon_women-services]" time="0.217" /><testcase classname="backend.tests.test_template_archetypes.TestProjectCreationWithLayoutId" name="test_fallback_to_first_archetype" time="0.229" /><testcase classname="backend.tests.test_template_archetypes.TestRegressionExistingFeatures" name="test_section_variants_catalog" time="0.104" /><testcase classname="backend.tests.test_template_archetypes.TestRegressionExistingFeatures" name="test_cozy_cafe_demo_exists" time="0.134" /><testcase classname="backend.tests.test_template_archetypes.TestRegressionExistingFeatures" name="test_snapshots_endpoint" time="0.917" /><testcase classname="backend.tests.test_template_archetypes.TestCleanup" name="test_cleanup_test_projects" time="2.177" /></testsuite></testsuites>