<?xml version="1.0" encoding="utf-8"?><testsuites name="pytest tests"><testsuite name="pytest" errors="0" failures="0" skipped="0" tests="14" time="14.620" timestamp="2026-04-11T10:24:46.856937+00:00" hostname="agent-env-3a013e4b-c104-42fa-8ce0-ea6053aacb6b"><testcase classname="tests.test_video_chat_flow.TestAuthAndSetup" name="test_login_success" time="0.412" /><testcase classname="tests.test_video_chat_flow.TestAuthAndSetup" name="test_get_user_info" time="0.448" /><testcase classname="tests.test_video_chat_flow.TestChatSessionCreation" name="test_create_video_session" time="0.434" /><testcase classname="tests.test_video_chat_flow.TestChatSessionCreation" name="test_create_general_session" time="0.094" /><testcase classname="tests.test_video_chat_flow.TestChatSessionCreation" name="test_get_sessions_list" time="0.305" /><testcase classname="tests.test_video_chat_flow.TestVideoConsultationFlow" name="test_send_advertising_video_request" time="1.546" /><testcase classname="tests.test_video_chat_flow.TestVideoConsultationFlow" name="test_send_cinematic_video_request" time="0.864" /><testcase classname="tests.test_video_chat_flow.TestVideoConsultationFlow" name="test_send_funny_video_request" time="0.925" /><testcase classname="tests.test_video_chat_flow.TestServiceCostsAndPricing" name="test_get_pricing_config" time="0.126" /><testcase classname="tests.test_video_chat_flow.TestServiceCostsAndPricing" name="test_get_user_balance" time="0.417" /><testcase classname="tests.test_video_chat_flow.TestTemplatesAndAssets" name="test_get_templates" time="0.428" /><testcase classname="tests.test_video_chat_flow.TestTemplatesAndAssets" name="test_get_game_libraries" time="0.115" /><testcase classname="tests.test_video_chat_flow.TestChatMessageFlow" name="test_full_video_consultation_flow" time="7.893" /><testcase classname="tests.test_video_chat_flow.TestButtonsAndChoices" name="test_welcome_message_has_buttons" time="0.543" /></testsuite></testsuites>