<?xml version="1.0" encoding="utf-8"?><testsuites name="pytest tests"><testsuite name="pytest" errors="0" failures="0" skipped="0" tests="13" time="48.450" timestamp="2026-04-30T17:55:22.079575+00:00" hostname="agent-env-3a013e4b-c104-42fa-8ce0-ea6053aacb6b"><testcase classname="backend.tests.test_voice_dual_banter.TestAnonUsage" name="test_anon_usage_new_user" time="0.204" /><testcase classname="backend.tests.test_voice_dual_banter.TestAvatarChatDualBanter" name="test_avatar_chat_with_banter_zara_primary" time="5.631" /><testcase classname="backend.tests.test_voice_dual_banter.TestAvatarChatDualBanter" name="test_avatar_chat_quota_exhaustion" time="13.583" /><testcase classname="backend.tests.test_voice_dual_banter.TestAvatarChatDualBanter" name="test_avatar_chat_without_anon_id" time="3.442" /><testcase classname="backend.tests.test_voice_dual_banter.TestAvatarChatDualBanter" name="test_avatar_chat_layla_primary" time="4.233" /><testcase classname="backend.tests.test_voice_dual_banter.TestAvatarChatDualBanter" name="test_avatar_chat_no_banter" time="2.469" /><testcase classname="backend.tests.test_voice_dual_banter.TestCompanionVoiceChat" name="test_companion_voice_chat_requires_auth" time="0.147" /><testcase classname="backend.tests.test_voice_dual_banter.TestCompanionVoiceChat" name="test_companion_voice_chat_requires_profile" time="4.636" /><testcase classname="backend.tests.test_voice_dual_banter.TestCompanionVoiceChat" name="test_companion_voice_chat_with_audio" time="7.564" /><testcase classname="backend.tests.test_voice_dual_banter.TestRegression" name="test_avatar_chat_saudi_dialect" time="3.311" /><testcase classname="backend.tests.test_voice_dual_banter.TestRegression" name="test_companion_text_chat_works" time="2.223" /><testcase classname="backend.tests.test_voice_dual_banter.TestRegression" name="test_companion_onboarding_flow" time="0.418" /><testcase classname="backend.tests.test_voice_dual_banter.TestImageAccessibility" name="test_avatar_images_accessible" time="0.507" /></testsuite></testsuites>