<?xml version="1.0" encoding="utf-8"?><testsuites name="pytest tests"><testsuite name="pytest" errors="0" failures="0" skipped="0" tests="15" time="11.130" timestamp="2026-04-18T14:10:00.449013+00:00" hostname="agent-env-3a013e4b-c104-42fa-8ce0-ea6053aacb6b"><testcase classname="backend.tests.test_website_wizard.TestPublicEndpoints" name="test_get_templates" time="0.207" /><testcase classname="backend.tests.test_website_wizard.TestPublicEndpoints" name="test_get_wizard_steps" time="0.133" /><testcase classname="backend.tests.test_website_wizard.TestPublicEndpoints" name="test_get_variants" time="0.121" /><testcase classname="backend.tests.test_website_wizard.TestPublicEndpoints" name="test_get_template_variants" time="0.109" /><testcase classname="backend.tests.test_website_wizard.TestPublicEndpoints" name="test_get_variant_preview_html" time="0.121" /><testcase classname="backend.tests.test_website_wizard.TestAuthenticatedEndpoints" name="test_create_project_initializes_wizard" time="0.669" /><testcase classname="backend.tests.test_website_wizard.TestAuthenticatedEndpoints" name="test_wizard_answer_buttons_full" time="0.679" /><testcase classname="backend.tests.test_website_wizard.TestAuthenticatedEndpoints" name="test_wizard_answer_colors_warm" time="0.808" /><testcase classname="backend.tests.test_website_wizard.TestAuthenticatedEndpoints" name="test_wizard_answer_features_array" time="1.007" /><testcase classname="backend.tests.test_website_wizard.TestAuthenticatedEndpoints" name="test_dashboard_items_skip_when_none" time="1.215" /><testcase classname="backend.tests.test_website_wizard.TestAuthenticatedEndpoints" name="test_wizard_answer_sections_filters" time="1.297" /><testcase classname="backend.tests.test_website_wizard.TestAuthenticatedEndpoints" name="test_apply_variant_keeps_sections" time="0.983" /><testcase classname="backend.tests.test_website_wizard.TestAuthenticatedEndpoints" name="test_wizard_chat_free_text" time="2.450" /><testcase classname="backend.tests.test_website_wizard.TestAuthenticatedEndpoints" name="test_independence_request" time="0.683" /><testcase classname="backend.tests.test_website_wizard.TestCleanup" name="test_cleanup_test_projects" time="0.567" /></testsuite></testsuites>