<?xml version="1.0" encoding="utf-8"?><testsuites name="pytest tests"><testsuite name="pytest" errors="0" failures="0" skipped="0" tests="19" time="17.547" timestamp="2026-04-22T12:09:49.031152+00:00" hostname="agent-env-3a013e4b-c104-42fa-8ce0-ea6053aacb6b"><testcase classname="backend.tests.test_websocket_payment.TestPaymentGatewayCatalog" name="test_catalog_returns_4_providers" time="0.150" /><testcase classname="backend.tests.test_websocket_payment.TestClientPaymentGateways" name="test_f_client_gateway_list" time="0.452" /><testcase classname="backend.tests.test_websocket_payment.TestClientPaymentGateways" name="test_g_save_moyasar_keys" time="0.558" /><testcase classname="backend.tests.test_websocket_payment.TestClientPaymentGateways" name="test_h_test_credentials_moyasar_fake" time="0.882" /><testcase classname="backend.tests.test_websocket_payment.TestClientPaymentGateways" name="test_h_test_credentials_cod" time="0.554" /><testcase classname="backend.tests.test_websocket_payment.TestClientPaymentGateways" name="test_i_disable_delete_gateway" time="0.707" /><testcase classname="backend.tests.test_websocket_payment.TestPublicPaymentGateways" name="test_j_public_gateway_visibility" time="0.933" /><testcase classname="backend.tests.test_websocket_payment.TestPublicPaymentGateways" name="test_k_payment_init_cod" time="1.116" /><testcase classname="backend.tests.test_websocket_payment.TestPublicPaymentGateways" name="test_l_payment_init_moyasar_fake_keys" time="1.272" /><testcase classname="backend.tests.test_websocket_payment.TestPublicPaymentGateways" name="test_m_payment_init_provider_not_enabled" time="0.993" /><testcase classname="backend.tests.test_websocket_payment.TestPublicPaymentGateways" name="test_o_payment_init_unknown_provider" time="0.911" /><testcase classname="backend.tests.test_websocket_payment.TestGeneratedSiteCheckout" name="test_p_generated_site_checkout_markers" time="0.117" /><testcase classname="backend.tests.test_websocket_payment.TestWebSocketAuth" name="test_websocket_client_invalid_token_rejected" time="0.000" /><testcase classname="backend.tests.test_websocket_payment.TestWebSocketAuth" name="test_websocket_driver_invalid_token_rejected" time="0.000" /><testcase classname="backend.tests.test_websocket_realtime" name="test_a_client_ws_hello_and_ping" time="0.530" /><testcase classname="backend.tests.test_websocket_realtime" name="test_a_client_ws_invalid_token_rejected" time="0.164" /><testcase classname="backend.tests.test_websocket_realtime" name="test_b_driver_ws_hello_and_location" time="1.128" /><testcase classname="backend.tests.test_websocket_realtime" name="test_c_http_order_creates_ws_broadcast" time="5.987" /><testcase classname="backend.tests.test_websocket_realtime" name="test_d_http_driver_location_ws_broadcast" time="1.030" /></testsuite></testsuites>